#-----------------------------------------------------------
# Vivado v2023.1 (64-bit)
# SW Build 3865809 on Sun May  7 15:05:29 MDT 2023
# IP Build 3864474 on Sun May  7 20:36:21 MDT 2023
# SharedData Build 3865790 on Sun May 07 13:33:03 MDT 2023
# Start of session at: Mon Nov 11 03:40:36 2024
# Process ID: 22712
# Current directory: C:/Users/woute/OneDrive/Documenten/TEST/Project
# Command line: vivado.exe -mode batch -source tcl/build_project.tcl
# Log file: C:/Users/woute/OneDrive/Documenten/TEST/Project/vivado.log
# Journal file: C:/Users/woute/OneDrive/Documenten/TEST/Project\vivado.jou
# Running On: wouter-laptop, OS: Windows, CPU Frequency: 2304 MHz, CPU Physical cores: 20, Host memory: 34049 MB
#-----------------------------------------------------------
source tcl/build_project.tcl
# set script_dir [file dirname [info script]]
# set origin_dir "$script_dir/.."
# create_project project_hw $origin_dir/project_hw -part xc7z020clg400-1
create_project: Time (s): cpu = 00:00:06 ; elapsed = 00:00:07 . Memory (MB): peak = 479.359 ; gain = 203.398
# set_property board_part tul.com.tw:pynq-z2:part0:1.0 [current_project]
# set_property ip_repo_paths "[file normalize $origin_dir/project_ipcores] [file normalize $origin_dir/project_ipcores]" [get_filesets sources_1]
# update_ip_catalog
INFO: [IP_Flow 19-234] Refreshing IP repositories
WARNING: [IP_Flow 19-2248] Failed to load user IP repository 'c:/Users/woute/OneDrive/Documenten/TEST/Project/project_ipcores'; Can't find the specified path.
If this directory should no longer be in your list of user repositories, go to the IP Settings dialog and remove it.
WARNING: [IP_Flow 19-2207] Repository 'c:/Users/woute/OneDrive/Documenten/TEST/Project/project_ipcores' already exists; ignoring attempt to add it again.
WARNING: [IP_Flow 19-2248] Failed to load user IP repository 'c:/Users/woute/OneDrive/Documenten/TEST/Project/project_ipcores'; Can't find the specified path.
If this directory should no longer be in your list of user repositories, go to the IP Settings dialog and remove it.
INFO: [IP_Flow 19-2313] Loaded Vivado IP repository 'C:/Xilinx/Vivado/2023.1/data/ip'.
# proc add_src_files {filename} {
#   set fp [open $filename r]
#   if { $fp == -1 } {
#     puts stderr "Error: Couldn't open file '$filename'"
#     return
#   }
# 
#   set index 0
#   while { [eof $fp] == 0 } {
# 	set line [gets $fp]
# 	# Remove leading/trailing whitespace
# 	set path [string trim $line]
# 	add_files -fileset sources_1 $path
# 	incr index
#   }
# 
#   close $fp
# }
# add_src_files "src/sourcefile_order"
# set fileset [get_filesets sources_1]
# set files [get_files -of_objects $fileset]
# puts "Files in sources_1:"
Files in sources_1:
# foreach file $files {
#     puts "  $file"
# }
  C:/Users/woute/OneDrive/Documenten/TEST/Project/src/rtl_building_blocks/device/adder.sv
  C:/Users/woute/OneDrive/Documenten/TEST/Project/src/rtl_building_blocks/device/multiplier.sv
  C:/Users/woute/OneDrive/Documenten/TEST/Project/src/rtl_building_blocks/device/register.sv
  C:/Users/woute/OneDrive/Documenten/TEST/Project/src/rtl_building_blocks/device/memory.sv
  C:/Users/woute/OneDrive/Documenten/TEST/Project/src/rtl_building_blocks/device/fifo.sv
  C:/Users/woute/OneDrive/Documenten/TEST/Project/src/rtl_building_blocks/device/mac.sv
  C:/Users/woute/OneDrive/Documenten/TEST/Project/src/rtl_building_blocks/device/adder_tree.sv
  C:/Users/woute/OneDrive/Documenten/TEST/Project/src/device/controller_fsm.sv
  C:/Users/woute/OneDrive/Documenten/TEST/Project/src/device/top_chip.sv
  C:/Users/woute/OneDrive/Documenten/TEST/Project/src/device/top_system.sv
  C:/Users/woute/OneDrive/Documenten/TEST/Project/src/rtl_building_blocks/test/multiplier_tb.sv
  C:/Users/woute/OneDrive/Documenten/TEST/Project/src/rtl_building_blocks/test/adder_tb.sv
  C:/Users/woute/OneDrive/Documenten/TEST/Project/src/rtl_building_blocks/test/fifo_tb.sv
  C:/Users/woute/OneDrive/Documenten/TEST/Project/src/test/common.sv
  C:/Users/woute/OneDrive/Documenten/TEST/Project/src/test/intf.sv
  C:/Users/woute/OneDrive/Documenten/TEST/Project/src/test/transaction.sv
  C:/Users/woute/OneDrive/Documenten/TEST/Project/src/test/driver.sv
  C:/Users/woute/OneDrive/Documenten/TEST/Project/src/test/monitor.sv
  C:/Users/woute/OneDrive/Documenten/TEST/Project/src/test/generator.sv
  C:/Users/woute/OneDrive/Documenten/TEST/Project/src/test/checker.sv
  C:/Users/woute/OneDrive/Documenten/TEST/Project/src/test/scoreboard.sv
  C:/Users/woute/OneDrive/Documenten/TEST/Project/src/test/environment.sv
  C:/Users/woute/OneDrive/Documenten/TEST/Project/src/test/testprogram.sv
  C:/Users/woute/OneDrive/Documenten/TEST/Project/src/test/tbench_top.sv
# set_property top tbench_top [get_filesets sources_1] 
# set_property top tbench_top [get_filesets sim_1] 
# set_property source_mgmt_mode DisplayOnly [current_project]
INFO: [Common 17-206] Exiting Vivado at Mon Nov 11 03:40:45 2024...
